{
  "stats": {
    "suites": 1,
    "tests": 3,
    "passes": 3,
    "pending": 0,
    "failures": 0,
    "start": "2025-12-11T10:05:44.476Z",
    "end": "2025-12-11T10:05:48.223Z",
    "duration": 3747,
    "testsRegistered": 3,
    "passPercent": 100,
    "pendingPercent": 0,
    "other": 0,
    "hasOther": false,
    "skipped": 0,
    "hasSkipped": false
  },
  "results": [
    {
      "uuid": "0ef6ce4b-4422-49e4-a240-f369cce58efb",
      "title": "",
      "fullFile": "cypress\\e2e\\2-advanced-examples\\window.cy.js",
      "file": "cypress\\e2e\\2-advanced-examples\\window.cy.js",
      "beforeHooks": [],
      "afterHooks": [],
      "tests": [],
      "suites": [
        {
          "uuid": "94e16ede-def0-4169-8f86-b601c845ff69",
          "title": "Window",
          "fullFile": "",
          "file": "",
          "beforeHooks": [],
          "afterHooks": [],
          "tests": [
            {
              "title": "cy.window() - get the global window object",
              "fullTitle": "Window cy.window() - get the global window object",
              "timedOut": null,
              "duration": 587,
              "state": "passed",
              "speed": "fast",
              "pass": true,
              "fail": false,
              "pending": false,
              "context": null,
              "code": "// https://on.cypress.io/window\ncy.window().should('have.property', 'top');",
              "err": {},
              "uuid": "0d0ed875-4a77-4049-a94c-4012461f4064",
              "parentUUID": "94e16ede-def0-4169-8f86-b601c845ff69",
              "isHook": false,
              "skipped": false
            },
            {
              "title": "cy.document() - get the document object",
              "fullTitle": "Window cy.document() - get the document object",
              "timedOut": null,
              "duration": 196,
              "state": "passed",
              "speed": "fast",
              "pass": true,
              "fail": false,
              "pending": false,
              "context": null,
              "code": "// https://on.cypress.io/document\ncy.document().should('have.property', 'charset').and('eq', 'UTF-8');",
              "err": {},
              "uuid": "637f5ea9-3dc2-4268-91aa-b4c6e421faee",
              "parentUUID": "94e16ede-def0-4169-8f86-b601c845ff69",
              "isHook": false,
              "skipped": false
            },
            {
              "title": "cy.title() - get the title",
              "fullTitle": "Window cy.title() - get the title",
              "timedOut": null,
              "duration": 200,
              "state": "passed",
              "speed": "fast",
              "pass": true,
              "fail": false,
              "pending": false,
              "context": null,
              "code": "// https://on.cypress.io/title\ncy.title().should('include', 'Kitchen Sink');",
              "err": {},
              "uuid": "98d66f99-96ea-49ca-9db2-6d6baf2a59c5",
              "parentUUID": "94e16ede-def0-4169-8f86-b601c845ff69",
              "isHook": false,
              "skipped": false
            }
          ],
          "suites": [],
          "passes": [
            "0d0ed875-4a77-4049-a94c-4012461f4064",
            "637f5ea9-3dc2-4268-91aa-b4c6e421faee",
            "98d66f99-96ea-49ca-9db2-6d6baf2a59c5"
          ],
          "failures": [],
          "pending": [],
          "skipped": [],
          "duration": 983,
          "root": false,
          "rootEmpty": false,
          "_timeout": 2000
        }
      ],
      "passes": [],
      "failures": [],
      "pending": [],
      "skipped": [],
      "duration": 0,
      "root": true,
      "rootEmpty": true,
      "_timeout": 2000
    }
  ],
  "meta": {
    "mocha": {
      "version": "7.2.0"
    },
    "mochawesome": {
      "options": {
        "quiet": false,
        "reportFilename": "mochawesome",
        "saveHtml": true,
        "saveJson": true,
        "consoleReporter": "spec",
        "useInlineDiffs": false,
        "code": true
      },
      "version": "7.1.4"
    },
    "marge": {
      "options": {
        "reportDir": "cypress/reports",
        "overwrite": false,
        "html": true,
        "json": true
      },
      "version": "6.3.2"
    }
  }
}