{
  "stats": {
    "suites": 1,
    "tests": 1,
    "passes": 1,
    "pending": 0,
    "failures": 0,
    "start": "2025-12-11T10:01:19.674Z",
    "end": "2025-12-11T10:01:42.677Z",
    "duration": 23003,
    "testsRegistered": 1,
    "passPercent": 100,
    "pendingPercent": 0,
    "other": 0,
    "hasOther": false,
    "skipped": 0,
    "hasSkipped": false
  },
  "results": [
    {
      "uuid": "fcb4e42f-a489-47f3-925f-073df954e536",
      "title": "",
      "fullFile": "cypress\\e2e\\3-SauceDemo\\orangeHRM.cy.js",
      "file": "cypress\\e2e\\3-SauceDemo\\orangeHRM.cy.js",
      "beforeHooks": [],
      "afterHooks": [],
      "tests": [],
      "suites": [
        {
          "uuid": "89a0bd2f-789c-4f98-a608-61073b03ab3d",
          "title": "test orang HRM",
          "fullFile": "",
          "file": "",
          "beforeHooks": [],
          "afterHooks": [],
          "tests": [
            {
              "title": "TC01_Dropdown, checkbox, dan radio button di OrangeHRM",
              "fullTitle": "test orang HRM TC01_Dropdown, checkbox, dan radio button di OrangeHRM",
              "timedOut": null,
              "duration": 17428,
              "state": "passed",
              "speed": "slow",
              "pass": true,
              "fail": false,
              "pending": false,
              "context": null,
              "code": "cy.get('input[name=\"username\"]').type(\"Admin\");\ncy.get('input[name=\"password\"]').type(\"admin123\");\ncy.get('button[type=\"submit\"]').click();\ncy.url().should(\"include\", \"/web/index.php/dashboard/index\");\ncy.wait(5000);\n// masuk ke menu My Info\ncy.contains(\"My Info\").click();\ncy.get('#app [name=\"firstName\"]').click();\ncy.get('#app [name=\"firstName\"]').clear();\ncy.get('#app [name=\"firstName\"]').type(\"Achmad\");\ncy.get('#app [name=\"middleName\"]').clear();\ncy.get('#app [name=\"middleName\"]').type(\"Kurniawan\");\ncy.get(\"#app div:nth-child(2) > div.oxd-input-group > div:nth-child(2) > div.oxd-select-wrapper > div.oxd-select-text > div.oxd-select-text--after > i.oxd-icon\").click();\ncy.get(\"#app div:nth-child(2) > div.oxd-input-group > div:nth-child(2) > div.oxd-select-wrapper > div.oxd-select-text > div.oxd-select-text--after > i.oxd-icon\").click();\ncy.get(\"#app div:nth-child(2) > div:nth-child(2) > div.oxd-radio-wrapper > label > span.oxd-radio-input\").click();\ncy.get('#app input[value=\"2\"]').check();\ncy.get(\"#app div:nth-child(1) > form.oxd-form > div.oxd-form-actions > button.oxd-button\").click();\ncy.contains(\"Successfully Updated\").should(\"be.visible\");",
              "err": {},
              "uuid": "7049bed5-24cc-4a63-9fdc-1a303ca546fa",
              "parentUUID": "89a0bd2f-789c-4f98-a608-61073b03ab3d",
              "isHook": false,
              "skipped": false
            }
          ],
          "suites": [],
          "passes": [
            "7049bed5-24cc-4a63-9fdc-1a303ca546fa"
          ],
          "failures": [],
          "pending": [],
          "skipped": [],
          "duration": 17428,
          "root": false,
          "rootEmpty": false,
          "_timeout": 2000
        }
      ],
      "passes": [],
      "failures": [],
      "pending": [],
      "skipped": [],
      "duration": 0,
      "root": true,
      "rootEmpty": true,
      "_timeout": 2000
    }
  ],
  "meta": {
    "mocha": {
      "version": "7.2.0"
    },
    "mochawesome": {
      "options": {
        "quiet": false,
        "reportFilename": "mochawesome",
        "saveHtml": true,
        "saveJson": true,
        "consoleReporter": "spec",
        "useInlineDiffs": false,
        "code": true
      },
      "version": "7.1.4"
    },
    "marge": {
      "options": {
        "reportDir": "cypress/reports",
        "overwrite": false,
        "html": true,
        "json": true
      },
      "version": "6.3.2"
    }
  }
}