{
  "stats": {
    "suites": 1,
    "tests": 1,
    "passes": 1,
    "pending": 0,
    "failures": 0,
    "start": "2025-12-11T10:01:47.216Z",
    "end": "2025-12-11T10:01:53.439Z",
    "duration": 6223,
    "testsRegistered": 1,
    "passPercent": 100,
    "pendingPercent": 0,
    "other": 0,
    "hasOther": false,
    "skipped": 0,
    "hasSkipped": false
  },
  "results": [
    {
      "uuid": "5b7fdd87-e717-4c5a-aecd-6ba8b5e21882",
      "title": "",
      "fullFile": "cypress\\e2e\\3-SauceDemo\\saucedemo.cy.js",
      "file": "cypress\\e2e\\3-SauceDemo\\saucedemo.cy.js",
      "beforeHooks": [],
      "afterHooks": [],
      "tests": [],
      "suites": [
        {
          "uuid": "ec346912-8128-42a3-923e-45defa28a4d6",
          "title": "test saucedemo",
          "fullFile": "",
          "file": "",
          "beforeHooks": [],
          "afterHooks": [],
          "tests": [
            {
              "title": "TC03_Login with Driven Data Test with JSON",
              "fullTitle": "test saucedemo TC03_Login with Driven Data Test with JSON",
              "timedOut": null,
              "duration": 2383,
              "state": "passed",
              "speed": "fast",
              "pass": true,
              "fail": false,
              "pending": false,
              "context": null,
              "code": "cy.visit(\"https://www.saucedemo.com/\");\n_userPage.default.inputUsername(userr[1].username);\n_userPage.default.inputPassword(userr[1].password);\n_userPage.default.clickLoginButton();\n_userPage.default.verifyErrorMessage(userr[1].errorMessage);",
              "err": {},
              "uuid": "b113accb-c401-4505-878d-fdae13e6e770",
              "parentUUID": "ec346912-8128-42a3-923e-45defa28a4d6",
              "isHook": false,
              "skipped": false
            }
          ],
          "suites": [],
          "passes": [
            "b113accb-c401-4505-878d-fdae13e6e770"
          ],
          "failures": [],
          "pending": [],
          "skipped": [],
          "duration": 2383,
          "root": false,
          "rootEmpty": false,
          "_timeout": 2000
        }
      ],
      "passes": [],
      "failures": [],
      "pending": [],
      "skipped": [],
      "duration": 0,
      "root": true,
      "rootEmpty": true,
      "_timeout": 2000
    }
  ],
  "meta": {
    "mocha": {
      "version": "7.2.0"
    },
    "mochawesome": {
      "options": {
        "quiet": false,
        "reportFilename": "mochawesome",
        "saveHtml": true,
        "saveJson": true,
        "consoleReporter": "spec",
        "useInlineDiffs": false,
        "code": true
      },
      "version": "7.1.4"
    },
    "marge": {
      "options": {
        "reportDir": "cypress/reports",
        "overwrite": false,
        "html": true,
        "json": true
      },
      "version": "6.3.2"
    }
  }
}