{
  "stats": {
    "suites": 1,
    "tests": 2,
    "passes": 2,
    "pending": 0,
    "failures": 0,
    "start": "2025-12-11T10:05:30.923Z",
    "end": "2025-12-11T10:05:41.167Z",
    "duration": 10244,
    "testsRegistered": 2,
    "passPercent": 100,
    "pendingPercent": 0,
    "other": 0,
    "hasOther": false,
    "skipped": 0,
    "hasSkipped": false
  },
  "results": [
    {
      "uuid": "cd480fa8-162a-43b4-8220-8bbe1f7ecfc0",
      "title": "",
      "fullFile": "cypress\\e2e\\2-advanced-examples\\waiting.cy.js",
      "file": "cypress\\e2e\\2-advanced-examples\\waiting.cy.js",
      "beforeHooks": [],
      "afterHooks": [],
      "tests": [],
      "suites": [
        {
          "uuid": "8988c513-44be-4cdb-9f0e-1f1b540a1bbc",
          "title": "Waiting",
          "fullFile": "",
          "file": "",
          "beforeHooks": [],
          "afterHooks": [],
          "tests": [
            {
              "title": "cy.wait() - wait for a specific amount of time",
              "fullTitle": "Waiting cy.wait() - wait for a specific amount of time",
              "timedOut": null,
              "duration": 5487,
              "state": "passed",
              "speed": "medium",
              "pass": true,
              "fail": false,
              "pending": false,
              "context": null,
              "code": "cy.get('.wait-input1').type('Wait 1000ms after typing');\ncy.wait(1000);\ncy.get('.wait-input2').type('Wait 1000ms after typing');\ncy.wait(1000);\ncy.get('.wait-input3').type('Wait 1000ms after typing');\ncy.wait(1000);",
              "err": {},
              "uuid": "96f1f429-af1d-49df-b867-e7a150957a85",
              "parentUUID": "8988c513-44be-4cdb-9f0e-1f1b540a1bbc",
              "isHook": false,
              "skipped": false
            },
            {
              "title": "cy.wait() - wait for a specific route",
              "fullTitle": "Waiting cy.wait() - wait for a specific route",
              "timedOut": null,
              "duration": 1066,
              "state": "passed",
              "speed": "fast",
              "pass": true,
              "fail": false,
              "pending": false,
              "context": null,
              "code": "// Listen to GET to comments/1\ncy.intercept('GET', '**/comments/*').as('getComment');\n// we have code that gets a comment when\n// the button is clicked in scripts.js\ncy.get('.network-btn').click();\n// wait for GET comments/1\ncy.wait('@getComment').its('response.statusCode').should('be.oneOf', [200, 304]);",
              "err": {},
              "uuid": "ffe78d77-cf96-4d36-862d-980bf894e6fa",
              "parentUUID": "8988c513-44be-4cdb-9f0e-1f1b540a1bbc",
              "isHook": false,
              "skipped": false
            }
          ],
          "suites": [],
          "passes": [
            "96f1f429-af1d-49df-b867-e7a150957a85",
            "ffe78d77-cf96-4d36-862d-980bf894e6fa"
          ],
          "failures": [],
          "pending": [],
          "skipped": [],
          "duration": 6553,
          "root": false,
          "rootEmpty": false,
          "_timeout": 2000
        }
      ],
      "passes": [],
      "failures": [],
      "pending": [],
      "skipped": [],
      "duration": 0,
      "root": true,
      "rootEmpty": true,
      "_timeout": 2000
    }
  ],
  "meta": {
    "mocha": {
      "version": "7.2.0"
    },
    "mochawesome": {
      "options": {
        "quiet": false,
        "reportFilename": "mochawesome",
        "saveHtml": true,
        "saveJson": true,
        "consoleReporter": "spec",
        "useInlineDiffs": false,
        "code": true
      },
      "version": "7.1.4"
    },
    "marge": {
      "options": {
        "reportDir": "cypress/reports",
        "overwrite": false,
        "html": true,
        "json": true
      },
      "version": "6.3.2"
    }
  }
}