{
  "stats": {
    "suites": 2,
    "tests": 1,
    "passes": 1,
    "pending": 0,
    "failures": 0,
    "start": "2025-12-11T10:01:04.543Z",
    "end": "2025-12-11T10:01:15.628Z",
    "duration": 11085,
    "testsRegistered": 1,
    "passPercent": 100,
    "pendingPercent": 0,
    "other": 0,
    "hasOther": false,
    "skipped": 0,
    "hasSkipped": false
  },
  "results": [
    {
      "uuid": "83cbec62-58d3-490d-a0d5-8e66670a6706",
      "title": "",
      "fullFile": "cypress\\e2e\\3-SauceDemo\\loginWIthCredential.cy.js",
      "file": "cypress\\e2e\\3-SauceDemo\\loginWIthCredential.cy.js",
      "beforeHooks": [],
      "afterHooks": [],
      "tests": [],
      "suites": [
        {
          "uuid": "2a5ce362-ed68-4d90-865e-2695ef0d0a7e",
          "title": "Login dengan data dari CSV",
          "fullFile": "",
          "file": "",
          "beforeHooks": [],
          "afterHooks": [],
          "tests": [],
          "suites": [
            {
              "uuid": "8eddf18f-9c4a-46bc-983a-5722ee0115a3",
              "title": "Percobaan Login 3 Kali dengan data CSV",
              "fullFile": "",
              "file": "",
              "beforeHooks": [],
              "afterHooks": [],
              "tests": [
                {
                  "title": "Melakukan login sebanyak 3 kali",
                  "fullTitle": "Login dengan data dari CSV Percobaan Login 3 Kali dengan data CSV Melakukan login sebanyak 3 kali",
                  "timedOut": null,
                  "duration": 8508,
                  "state": "passed",
                  "speed": "medium",
                  "pass": true,
                  "fail": false,
                  "pending": false,
                  "context": null,
                  "code": "cy.fixture(\"credentials.csv\").then(csvData => {\n  const result = _papaparse.default.parse(csvData, {\n    header: true\n  });\n  const validUsers = result.data.filter(user => user.username && user.password);\n  if (validUsers.length === 0) {\n    throw new Error(\"Data CSV kosong atau tidak valid\");\n  }\n  for (let i = 0; i < 3; i++) {\n    const user = validUsers[i % validUsers.length];\n    cy.visit(\"https://www.saucedemo.com/\");\n    cy.get('[data-test=\"username\"]').type(user.username);\n    cy.get('[data-test=\"password\"]').type(user.password);\n    cy.get('[data-test=\"login-button\"]').click();\n    //   cy.url().should(\"include\", \"/inventory.html\");\n    cy.screenshot(\"percobaan-login-\" + i);\n    cy.reload();\n  }\n});",
                  "err": {},
                  "uuid": "4d9ba2c0-dc29-4c24-abff-14d51c7f10f1",
                  "parentUUID": "8eddf18f-9c4a-46bc-983a-5722ee0115a3",
                  "isHook": false,
                  "skipped": false
                }
              ],
              "suites": [],
              "passes": [
                "4d9ba2c0-dc29-4c24-abff-14d51c7f10f1"
              ],
              "failures": [],
              "pending": [],
              "skipped": [],
              "duration": 8508,
              "root": false,
              "rootEmpty": false,
              "_timeout": 2000
            }
          ],
          "passes": [],
          "failures": [],
          "pending": [],
          "skipped": [],
          "duration": 0,
          "root": false,
          "rootEmpty": false,
          "_timeout": 2000
        }
      ],
      "passes": [],
      "failures": [],
      "pending": [],
      "skipped": [],
      "duration": 0,
      "root": true,
      "rootEmpty": true,
      "_timeout": 2000
    }
  ],
  "meta": {
    "mocha": {
      "version": "7.2.0"
    },
    "mochawesome": {
      "options": {
        "quiet": false,
        "reportFilename": "mochawesome",
        "saveHtml": true,
        "saveJson": true,
        "consoleReporter": "spec",
        "useInlineDiffs": false,
        "code": true
      },
      "version": "7.1.4"
    },
    "marge": {
      "options": {
        "reportDir": "cypress/reports",
        "overwrite": false,
        "html": true,
        "json": true
      },
      "version": "6.3.2"
    }
  }
}